<?xml version="1.0" encoding="UTF-8"?>
<!-- Generated by org.testng.reporters.JUnitReportReporter -->
<testsuite hostname="LAPTOP-KFNMP1AA" failures="0" tests="1" name="selenium.tests" time="2.771" errors="0" timestamp="2024-11-13T14:59:58 IST" skipped="0">
  <testcase classname="selenium.tests" name="test1" time="2.771"/>
</testsuite> <!-- selenium.tests -->
